<?xml version="1.0" encoding="UTF-8"?>
<testsuite xmlns:xsi="http://www.w3.org/2001/XMLSchema-instance" xsi:noNamespaceSchemaLocation="https://maven.apache.org/surefire/maven-surefire-plugin/xsd/surefire-test-report-3.0.xsd" version="3.0" name="com.example.devops.todo.TodoE2ETest" time="98.429" tests="1" errors="0" skipped="0" failures="0">
  <properties>
[...]
</properties>
  <testcase name="todoCrudFlow_shouldWork" classname="com.example.devops.todo.TodoE2ETest" time="42.874">
    <system-out><![CDATA[16:06:53.510 [main] INFO org.springframework.test.context.support.AnnotationConfigContextLoaderUtils -- Could not detect default configuration classes for test class [com.example.devops.todo.TodoE2ETest]: TodoE2ETest does not declare any static, non-private, non-final, nested classes annotated with @Configuration.
16:06:54.828 [main] INFO org.springframework.boot.test.context.SpringBootTestContextBootstrapper -- Found @SpringBootConfiguration com.example.devops.Application for test class com.example.devops.todo.TodoE2ETest

  .   ____          _            __ _ _
 /\\ / ___'_ __ _ _(_)_ __  __ _ \ \ \ \
( ( )\___ | '_ | '_| | '_ \/ _` | \ \ \ \
 \\/  ___)| |_)| | | | | || (_| |  ) ) ) )
  '  |____| .__|_| |_|_| |_\__, | / / / /
 =========|_|==============|___/=/_/_/_/

 :: Spring Boot ::                (v3.3.2)

2025-08-12T16:06:57.925+02:00  INFO 249520 --- [devops-todo] [           main] com.example.devops.todo.TodoE2ETest      : Starting TodoE2ETest using Java 17.0.5 with PID 249520 (started by Matth in C:\Users\Matth\javaDEVOPS)
2025-08-12T16:06:57.933+02:00  INFO 249520 --- [devops-todo] [           main] com.example.devops.todo.TodoE2ETest      : No active profile set, falling back to 1 default profile: "default"
2025-08-12T16:07:03.741+02:00  INFO 249520 --- [devops-todo] [           main] .s.d.r.c.RepositoryConfigurationDelegate : Bootstrapping Spring Data JPA repositories in DEFAULT mode.
2025-08-12T16:07:04.291+02:00  INFO 249520 --- [devops-todo] [           main] .s.d.r.c.RepositoryConfigurationDelegate : Finished Spring Data repository scanning in 505 ms. Found 1 JPA repository interface.
2025-08-12T16:07:14.726+02:00  INFO 249520 --- [devops-todo] [           main] o.s.b.w.embedded.tomcat.TomcatWebServer  : Tomcat initialized with port 0 (http)
2025-08-12T16:07:14.813+02:00  INFO 249520 --- [devops-todo] [           main] o.apache.catalina.core.StandardService   : Starting service [Tomcat]
2025-08-12T16:07:14.815+02:00  INFO 249520 --- [devops-todo] [           main] o.apache.catalina.core.StandardEngine    : Starting Servlet engine: [Apache Tomcat/10.1.26]
2025-08-12T16:07:15.357+02:00  INFO 249520 --- [devops-todo] [           main] o.a.c.c.C.[Tomcat].[localhost].[/]       : Initializing Spring embedded WebApplicationContext
2025-08-12T16:07:15.391+02:00  INFO 249520 --- [devops-todo] [           main] w.s.c.ServletWebServerApplicationContext : Root WebApplicationContext: initialization completed in 17332 ms
2025-08-12T16:07:15.644+02:00  INFO 249520 --- [devops-todo] [           main] com.zaxxer.hikari.HikariDataSource       : HikariPool-1 - Starting...
2025-08-12T16:07:17.077+02:00  INFO 249520 --- [devops-todo] [           main] com.zaxxer.hikari.pool.HikariPool        : HikariPool-1 - Added connection conn0: url=jdbc:h2:mem:todo-db user=SA
2025-08-12T16:07:17.087+02:00  INFO 249520 --- [devops-todo] [           main] com.zaxxer.hikari.HikariDataSource       : HikariPool-1 - Start completed.
2025-08-12T16:07:17.204+02:00  INFO 249520 --- [devops-todo] [           main] o.s.b.a.h2.H2ConsoleAutoConfiguration    : H2 console available at '/h2-console'. Database available at 'jdbc:h2:mem:todo-db'
2025-08-12T16:07:18.074+02:00  INFO 249520 --- [devops-todo] [           main] o.hibernate.jpa.internal.util.LogHelper  : HHH000204: Processing PersistenceUnitInfo [name: default]
2025-08-12T16:07:18.766+02:00  INFO 249520 --- [devops-todo] [           main] org.hibernate.Version                    : HHH000412: Hibernate ORM core version 6.5.2.Final
2025-08-12T16:07:19.258+02:00  INFO 249520 --- [devops-todo] [           main] o.h.c.internal.RegionFactoryInitiator    : HHH000026: Second-level cache disabled
2025-08-12T16:07:23.453+02:00  INFO 249520 --- [devops-todo] [           main] o.s.o.j.p.SpringPersistenceUnitInfo      : No LoadTimeWeaver setup: ignoring JPA class transformer
2025-08-12T16:07:31.834+02:00  INFO 249520 --- [devops-todo] [           main] o.h.e.t.j.p.i.JtaPlatformInitiator       : HHH000489: No JTA platform available (set 'hibernate.transaction.jta.platform' to enable JTA platform integration)
2025-08-12T16:07:32.328+02:00 DEBUG 249520 --- [devops-todo] [           main] org.hibernate.SQL                        : create table todos (id bigint generated by default as identity, completed boolean not null, title varchar(255) not null, primary key (id))
Hibernate: create table todos (id bigint generated by default as identity, completed boolean not null, title varchar(255) not null, primary key (id))
2025-08-12T16:07:32.474+02:00  INFO 249520 --- [devops-todo] [           main] j.LocalContainerEntityManagerFactoryBean : Initialized JPA EntityManagerFactory for persistence unit 'default'
2025-08-12T16:07:35.478+02:00  WARN 249520 --- [devops-todo] [           main] JpaBaseConfiguration$JpaWebConfiguration : spring.jpa.open-in-view is enabled by default. Therefore, database queries may be performed during view rendering. Explicitly configure spring.jpa.open-in-view to disable this warning
2025-08-12T16:07:47.352+02:00  INFO 249520 --- [devops-todo] [           main] o.s.b.w.embedded.tomcat.TomcatWebServer  : Tomcat started on port 61506 (http) with context path '/'
2025-08-12T16:07:47.643+02:00  INFO 249520 --- [devops-todo] [           main] com.example.devops.todo.TodoE2ETest      : Started TodoE2ETest in 51.51 seconds (process running for 61.486)
2025-08-12T16:08:20.655+02:00  INFO 249520 --- [devops-todo] [o-auto-1-exec-2] o.a.c.c.C.[Tomcat].[localhost].[/]       : Initializing Spring DispatcherServlet 'dispatcherServlet'
2025-08-12T16:08:20.658+02:00  INFO 249520 --- [devops-todo] [o-auto-1-exec-2] o.s.web.servlet.DispatcherServlet        : Initializing Servlet 'dispatcherServlet'
2025-08-12T16:08:20.758+02:00  INFO 249520 --- [devops-todo] [o-auto-1-exec-2] o.s.web.servlet.DispatcherServlet        : Completed initialization in 97 ms
2025-08-12T16:08:23.021+02:00 DEBUG 249520 --- [devops-todo] [o-auto-1-exec-2] org.hibernate.SQL                        : insert into todos (completed,title,id) values (?,?,default)
Hibernate: insert into todos (completed,title,id) values (?,?,default)
2025-08-12T16:08:26.585+02:00 DEBUG 249520 --- [devops-todo] [o-auto-1-exec-3] org.hibernate.SQL                        : select t1_0.id,t1_0.completed,t1_0.title from todos t1_0
Hibernate: select t1_0.id,t1_0.completed,t1_0.title from todos t1_0
2025-08-12T16:08:26.789+02:00 DEBUG 249520 --- [devops-todo] [o-auto-1-exec-6] org.hibernate.SQL                        : select t1_0.id,t1_0.completed,t1_0.title from todos t1_0 where t1_0.id=?
Hibernate: select t1_0.id,t1_0.completed,t1_0.title from todos t1_0 where t1_0.id=?
2025-08-12T16:08:26.841+02:00 DEBUG 249520 --- [devops-todo] [o-auto-1-exec-4] org.hibernate.SQL                        : select t1_0.id,t1_0.completed,t1_0.title from todos t1_0 where t1_0.id=?
Hibernate: select t1_0.id,t1_0.completed,t1_0.title from todos t1_0 where t1_0.id=?
2025-08-12T16:08:26.947+02:00 DEBUG 249520 --- [devops-todo] [o-auto-1-exec-4] org.hibernate.SQL                        : update todos set completed=?,title=? where id=?
Hibernate: update todos set completed=?,title=? where id=?
2025-08-12T16:08:30.004+02:00 DEBUG 249520 --- [devops-todo] [o-auto-1-exec-5] org.hibernate.SQL                        : select count(*) from todos t1_0 where t1_0.id=?
Hibernate: select count(*) from todos t1_0 where t1_0.id=?
2025-08-12T16:08:30.045+02:00 DEBUG 249520 --- [devops-todo] [o-auto-1-exec-5] org.hibernate.SQL                        : select t1_0.id,t1_0.completed,t1_0.title from todos t1_0 where t1_0.id=?
Hibernate: select t1_0.id,t1_0.completed,t1_0.title from todos t1_0 where t1_0.id=?
2025-08-12T16:08:30.083+02:00 DEBUG 249520 --- [devops-todo] [o-auto-1-exec-5] org.hibernate.SQL                        : delete from todos where id=?
Hibernate: delete from todos where id=?
2025-08-12T16:08:30.137+02:00 DEBUG 249520 --- [devops-todo] [o-auto-1-exec-1] org.hibernate.SQL                        : select t1_0.id,t1_0.completed,t1_0.title from todos t1_0 where t1_0.id=?
Hibernate: select t1_0.id,t1_0.completed,t1_0.title from todos t1_0 where t1_0.id=?
]]></system-out>
  </testcase>
</testsuite>