<?xml version="1.0" encoding="UTF-8"?>
<testsuite xmlns:xsi="http://www.w3.org/2001/XMLSchema-instance" xsi:noNamespaceSchemaLocation="https://maven.apache.org/surefire/maven-surefire-plugin/xsd/surefire-test-report-3.0.xsd" version="3.0" name="com.example.devops.todo.TodoE2ETest" time="65.773" tests="1" errors="0" skipped="0" failures="0">
  <properties>
[...]
</properties>
  <testcase name="todoCrudFlow_shouldWork" classname="com.example.devops.todo.TodoE2ETest" time="12.792">
    <system-out><![CDATA[14:13:36.909 [main] INFO org.springframework.test.context.support.AnnotationConfigContextLoaderUtils -- Could not detect default configuration classes for test class [com.example.devops.todo.TodoE2ETest]: TodoE2ETest does not declare any static, non-private, non-final, nested classes annotated with @Configuration.
14:13:38.760 [main] INFO org.springframework.boot.test.context.SpringBootTestContextBootstrapper -- Found @SpringBootConfiguration com.example.devops.Application for test class com.example.devops.todo.TodoE2ETest

  .   ____          _            __ _ _
 /\\ / ___'_ __ _ _(_)_ __  __ _ \ \ \ \
( ( )\___ | '_ | '_| | '_ \/ _` | \ \ \ \
 \\/  ___)| |_)| | | | | || (_| |  ) ) ) )
  '  |____| .__|_| |_|_| |_\__, | / / / /
 =========|_|==============|___/=/_/_/_/

 :: Spring Boot ::                (v3.3.2)

2025-08-12T14:13:42.674+02:00  INFO 186304 --- [devops-todo] [           main] com.example.devops.todo.TodoE2ETest      : Starting TodoE2ETest using Java 17.0.5 with PID 186304 (started by Matth in C:\Users\Matth\javaDEVOPS)
2025-08-12T14:13:42.680+02:00  INFO 186304 --- [devops-todo] [           main] com.example.devops.todo.TodoE2ETest      : No active profile set, falling back to 1 default profile: "default"
2025-08-12T14:13:49.364+02:00  INFO 186304 --- [devops-todo] [           main] .s.d.r.c.RepositoryConfigurationDelegate : Bootstrapping Spring Data JPA repositories in DEFAULT mode.
2025-08-12T14:13:50.146+02:00  INFO 186304 --- [devops-todo] [           main] .s.d.r.c.RepositoryConfigurationDelegate : Finished Spring Data repository scanning in 667 ms. Found 1 JPA repository interface.
2025-08-12T14:14:04.763+02:00  INFO 186304 --- [devops-todo] [           main] o.s.b.w.embedded.tomcat.TomcatWebServer  : Tomcat initialized with port 0 (http)
2025-08-12T14:14:05.000+02:00  INFO 186304 --- [devops-todo] [           main] o.apache.catalina.core.StandardService   : Starting service [Tomcat]
2025-08-12T14:14:05.003+02:00  INFO 186304 --- [devops-todo] [           main] o.apache.catalina.core.StandardEngine    : Starting Servlet engine: [Apache Tomcat/10.1.26]
2025-08-12T14:14:05.892+02:00  INFO 186304 --- [devops-todo] [           main] o.a.c.c.C.[Tomcat].[localhost].[/]       : Initializing Spring embedded WebApplicationContext
2025-08-12T14:14:05.900+02:00  INFO 186304 --- [devops-todo] [           main] w.s.c.ServletWebServerApplicationContext : Root WebApplicationContext: initialization completed in 23062 ms
2025-08-12T14:14:06.105+02:00  INFO 186304 --- [devops-todo] [           main] com.zaxxer.hikari.HikariDataSource       : HikariPool-1 - Starting...
2025-08-12T14:14:07.533+02:00  INFO 186304 --- [devops-todo] [           main] com.zaxxer.hikari.pool.HikariPool        : HikariPool-1 - Added connection conn0: url=jdbc:h2:mem:todo-db user=SA
2025-08-12T14:14:07.546+02:00  INFO 186304 --- [devops-todo] [           main] com.zaxxer.hikari.HikariDataSource       : HikariPool-1 - Start completed.
2025-08-12T14:14:07.606+02:00  INFO 186304 --- [devops-todo] [           main] o.s.b.a.h2.H2ConsoleAutoConfiguration    : H2 console available at '/h2-console'. Database available at 'jdbc:h2:mem:todo-db'
2025-08-12T14:14:08.236+02:00  INFO 186304 --- [devops-todo] [           main] o.hibernate.jpa.internal.util.LogHelper  : HHH000204: Processing PersistenceUnitInfo [name: default]
2025-08-12T14:14:09.332+02:00  INFO 186304 --- [devops-todo] [           main] org.hibernate.Version                    : HHH000412: Hibernate ORM core version 6.5.2.Final
2025-08-12T14:14:09.729+02:00  INFO 186304 --- [devops-todo] [           main] o.h.c.internal.RegionFactoryInitiator    : HHH000026: Second-level cache disabled
2025-08-12T14:14:13.031+02:00  INFO 186304 --- [devops-todo] [           main] o.s.o.j.p.SpringPersistenceUnitInfo      : No LoadTimeWeaver setup: ignoring JPA class transformer
2025-08-12T14:14:21.263+02:00  INFO 186304 --- [devops-todo] [           main] o.h.e.t.j.p.i.JtaPlatformInitiator       : HHH000489: No JTA platform available (set 'hibernate.transaction.jta.platform' to enable JTA platform integration)
2025-08-12T14:14:21.687+02:00 DEBUG 186304 --- [devops-todo] [           main] org.hibernate.SQL                        : create table todos (id bigint generated by default as identity, completed boolean not null, title varchar(255) not null, primary key (id))
Hibernate: create table todos (id bigint generated by default as identity, completed boolean not null, title varchar(255) not null, primary key (id))
2025-08-12T14:14:21.776+02:00  INFO 186304 --- [devops-todo] [           main] j.LocalContainerEntityManagerFactoryBean : Initialized JPA EntityManagerFactory for persistence unit 'default'
2025-08-12T14:14:23.883+02:00  WARN 186304 --- [devops-todo] [           main] JpaBaseConfiguration$JpaWebConfiguration : spring.jpa.open-in-view is enabled by default. Therefore, database queries may be performed during view rendering. Explicitly configure spring.jpa.open-in-view to disable this warning
2025-08-12T14:14:28.228+02:00  INFO 186304 --- [devops-todo] [           main] o.s.b.w.embedded.tomcat.TomcatWebServer  : Tomcat started on port 49969 (http) with context path '/'
2025-08-12T14:14:28.311+02:00  INFO 186304 --- [devops-todo] [           main] com.example.devops.todo.TodoE2ETest      : Started TodoE2ETest in 47.588 seconds (process running for 57.718)
2025-08-12T14:14:34.997+02:00  INFO 186304 --- [devops-todo] [o-auto-1-exec-6] o.a.c.c.C.[Tomcat].[localhost].[/]       : Initializing Spring DispatcherServlet 'dispatcherServlet'
2025-08-12T14:14:34.998+02:00  INFO 186304 --- [devops-todo] [o-auto-1-exec-6] o.s.web.servlet.DispatcherServlet        : Initializing Servlet 'dispatcherServlet'
2025-08-12T14:14:35.006+02:00  INFO 186304 --- [devops-todo] [o-auto-1-exec-6] o.s.web.servlet.DispatcherServlet        : Completed initialization in 6 ms
2025-08-12T14:14:35.809+02:00 DEBUG 186304 --- [devops-todo] [o-auto-1-exec-6] org.hibernate.SQL                        : insert into todos (completed,title,id) values (?,?,default)
Hibernate: insert into todos (completed,title,id) values (?,?,default)
2025-08-12T14:14:37.164+02:00 DEBUG 186304 --- [devops-todo] [o-auto-1-exec-3] org.hibernate.SQL                        : select t1_0.id,t1_0.completed,t1_0.title from todos t1_0
Hibernate: select t1_0.id,t1_0.completed,t1_0.title from todos t1_0
2025-08-12T14:14:37.315+02:00 DEBUG 186304 --- [devops-todo] [o-auto-1-exec-2] org.hibernate.SQL                        : select t1_0.id,t1_0.completed,t1_0.title from todos t1_0 where t1_0.id=?
Hibernate: select t1_0.id,t1_0.completed,t1_0.title from todos t1_0 where t1_0.id=?
2025-08-12T14:14:37.347+02:00 DEBUG 186304 --- [devops-todo] [o-auto-1-exec-7] org.hibernate.SQL                        : select t1_0.id,t1_0.completed,t1_0.title from todos t1_0 where t1_0.id=?
Hibernate: select t1_0.id,t1_0.completed,t1_0.title from todos t1_0 where t1_0.id=?
2025-08-12T14:14:37.409+02:00 DEBUG 186304 --- [devops-todo] [o-auto-1-exec-7] org.hibernate.SQL                        : update todos set completed=?,title=? where id=?
Hibernate: update todos set completed=?,title=? where id=?
2025-08-12T14:14:40.644+02:00 DEBUG 186304 --- [devops-todo] [o-auto-1-exec-7] org.hibernate.SQL                        : select count(*) from todos t1_0 where t1_0.id=?
Hibernate: select count(*) from todos t1_0 where t1_0.id=?
2025-08-12T14:14:40.706+02:00 DEBUG 186304 --- [devops-todo] [o-auto-1-exec-7] org.hibernate.SQL                        : select t1_0.id,t1_0.completed,t1_0.title from todos t1_0 where t1_0.id=?
Hibernate: select t1_0.id,t1_0.completed,t1_0.title from todos t1_0 where t1_0.id=?
2025-08-12T14:14:40.773+02:00 DEBUG 186304 --- [devops-todo] [o-auto-1-exec-7] org.hibernate.SQL                        : delete from todos where id=?
Hibernate: delete from todos where id=?
2025-08-12T14:14:40.814+02:00 DEBUG 186304 --- [devops-todo] [-auto-1-exec-10] org.hibernate.SQL                        : select t1_0.id,t1_0.completed,t1_0.title from todos t1_0 where t1_0.id=?
Hibernate: select t1_0.id,t1_0.completed,t1_0.title from todos t1_0 where t1_0.id=?
]]></system-out>
  </testcase>
</testsuite>